<?xml version="1.0" encoding="UTF-8"?>
<!-- Generated by org.testng.reporters.JUnitXMLReporter -->
<testsuite ignored="0" hostname="Anikesh" failures="0" tests="3" name="Surefire test" time="14.197" errors="0" timestamp="2022-02-23T01:39:49 IST">
  <testcase classname="com.cicd.demo.Devops_demo.TestClass1" name="test1" time="3.302"/>
  <testcase classname="com.cicd.demo.Devops_demo.TestClass1" name="test2" time="2.31"/>
  <testcase classname="com.cicd.demo.Devops_demo.TestClass1" name="test3" time="2.321"/>
</testsuite> <!-- Surefire test -->
