<?xml version="1.0" encoding="UTF-8"?>
<!-- Generated by org.testng.reporters.JUnitXMLReporter -->
<testsuite ignored="0" hostname="Anikesh" failures="0" tests="3" name="Default test" time="16.488" errors="0" timestamp="2022-02-23T01:34:54 IST">
  <testcase classname="com.cicd.demo.Devops_demo.TestClass1" name="test1" time="2.636"/>
  <testcase classname="com.cicd.demo.Devops_demo.TestClass1" name="test2" time="2.041"/>
  <testcase classname="com.cicd.demo.Devops_demo.TestClass1" name="test3" time="5.306"/>
</testsuite> <!-- Default test -->
