<?xml version="1.0" encoding="UTF-8"?>
<testng-results ignored="0" total="3" passed="3" failed="0" skipped="0">
  <reporter-output>
  </reporter-output>
  <suite started-at="2022-02-23T01:39:34 IST" name="Surefire suite" finished-at="2022-02-23T01:39:49 IST" duration-ms="14197">
    <groups>
    </groups>
    <test started-at="2022-02-23T01:39:34 IST" name="Surefire test" finished-at="2022-02-23T01:39:49 IST" duration-ms="14197">
      <class name="com.cicd.demo.Devops_demo.TestClass1">
        <test-method is-config="true" signature="launchdriver()[pri:0, instance:com.cicd.demo.Devops_demo.TestClass1@33d512c1]" started-at="2022-02-23T01:39:34 IST" name="launchdriver" finished-at="2022-02-23T01:39:36 IST" duration-ms="1619" status="PASS">
          <reporter-output>
          </reporter-output>
        </test-method> <!-- launchdriver -->
        <test-method signature="test1()[pri:0, instance:com.cicd.demo.Devops_demo.TestClass1@33d512c1]" started-at="2022-02-23T01:39:36 IST" name="test1" finished-at="2022-02-23T01:39:39 IST" duration-ms="3302" status="PASS">
          <reporter-output>
          </reporter-output>
        </test-method> <!-- test1 -->
        <test-method is-config="true" signature="quit()[pri:0, instance:com.cicd.demo.Devops_demo.TestClass1@33d512c1]" started-at="2022-02-23T01:39:39 IST" name="quit" finished-at="2022-02-23T01:39:40 IST" duration-ms="790" status="PASS">
          <reporter-output>
          </reporter-output>
        </test-method> <!-- quit -->
        <test-method is-config="true" signature="launchdriver()[pri:0, instance:com.cicd.demo.Devops_demo.TestClass1@33d512c1]" started-at="2022-02-23T01:39:40 IST" name="launchdriver" finished-at="2022-02-23T01:39:41 IST" duration-ms="1149" status="PASS">
          <reporter-output>
          </reporter-output>
        </test-method> <!-- launchdriver -->
        <test-method signature="test2()[pri:0, instance:com.cicd.demo.Devops_demo.TestClass1@33d512c1]" started-at="2022-02-23T01:39:41 IST" name="test2" finished-at="2022-02-23T01:39:44 IST" duration-ms="2310" status="PASS">
          <reporter-output>
          </reporter-output>
        </test-method> <!-- test2 -->
        <test-method is-config="true" signature="quit()[pri:0, instance:com.cicd.demo.Devops_demo.TestClass1@33d512c1]" started-at="2022-02-23T01:39:44 IST" name="quit" finished-at="2022-02-23T01:39:44 IST" duration-ms="731" status="PASS">
          <reporter-output>
          </reporter-output>
        </test-method> <!-- quit -->
        <test-method is-config="true" signature="launchdriver()[pri:0, instance:com.cicd.demo.Devops_demo.TestClass1@33d512c1]" started-at="2022-02-23T01:39:44 IST" name="launchdriver" finished-at="2022-02-23T01:39:46 IST" duration-ms="1167" status="PASS">
          <reporter-output>
          </reporter-output>
        </test-method> <!-- launchdriver -->
        <test-method signature="test3()[pri:0, instance:com.cicd.demo.Devops_demo.TestClass1@33d512c1]" started-at="2022-02-23T01:39:46 IST" name="test3" finished-at="2022-02-23T01:39:48 IST" duration-ms="2321" status="PASS">
          <reporter-output>
          </reporter-output>
        </test-method> <!-- test3 -->
        <test-method is-config="true" signature="quit()[pri:0, instance:com.cicd.demo.Devops_demo.TestClass1@33d512c1]" started-at="2022-02-23T01:39:48 IST" name="quit" finished-at="2022-02-23T01:39:49 IST" duration-ms="774" status="PASS">
          <reporter-output>
          </reporter-output>
        </test-method> <!-- quit -->
      </class> <!-- com.cicd.demo.Devops_demo.TestClass1 -->
    </test> <!-- Surefire test -->
  </suite> <!-- Surefire suite -->
</testng-results>
