<?xml version="1.0" encoding="UTF-8"?>
<testng-results ignored="0" total="3" passed="3" failed="0" skipped="0">
  <reporter-output>
  </reporter-output>
  <suite started-at="2022-02-23T01:34:37 IST" name="Default suite" finished-at="2022-02-23T01:34:54 IST" duration-ms="16488">
    <groups>
    </groups>
    <test started-at="2022-02-23T01:34:37 IST" name="Default test" finished-at="2022-02-23T01:34:54 IST" duration-ms="16488">
      <class name="com.cicd.demo.Devops_demo.TestClass1">
        <test-method is-config="true" signature="launchdriver()[pri:0, instance:com.cicd.demo.Devops_demo.TestClass1@248e319b]" started-at="2022-02-23T01:34:37 IST" name="launchdriver" finished-at="2022-02-23T01:34:39 IST" duration-ms="1797" status="PASS">
          <reporter-output>
          </reporter-output>
        </test-method> <!-- launchdriver -->
        <test-method signature="test1()[pri:0, instance:com.cicd.demo.Devops_demo.TestClass1@248e319b]" started-at="2022-02-23T01:34:39 IST" name="test1" finished-at="2022-02-23T01:34:42 IST" duration-ms="2636" status="PASS">
          <reporter-output>
          </reporter-output>
        </test-method> <!-- test1 -->
        <test-method is-config="true" signature="quit()[pri:0, instance:com.cicd.demo.Devops_demo.TestClass1@248e319b]" started-at="2022-02-23T01:34:42 IST" name="quit" finished-at="2022-02-23T01:34:42 IST" duration-ms="883" status="PASS">
          <reporter-output>
          </reporter-output>
        </test-method> <!-- quit -->
        <test-method is-config="true" signature="launchdriver()[pri:0, instance:com.cicd.demo.Devops_demo.TestClass1@248e319b]" started-at="2022-02-23T01:34:42 IST" name="launchdriver" finished-at="2022-02-23T01:34:44 IST" duration-ms="1166" status="PASS">
          <reporter-output>
          </reporter-output>
        </test-method> <!-- launchdriver -->
        <test-method signature="test2()[pri:0, instance:com.cicd.demo.Devops_demo.TestClass1@248e319b]" started-at="2022-02-23T01:34:44 IST" name="test2" finished-at="2022-02-23T01:34:46 IST" duration-ms="2041" status="PASS">
          <reporter-output>
          </reporter-output>
        </test-method> <!-- test2 -->
        <test-method is-config="true" signature="quit()[pri:0, instance:com.cicd.demo.Devops_demo.TestClass1@248e319b]" started-at="2022-02-23T01:34:46 IST" name="quit" finished-at="2022-02-23T01:34:46 IST" duration-ms="741" status="PASS">
          <reporter-output>
          </reporter-output>
        </test-method> <!-- quit -->
        <test-method is-config="true" signature="launchdriver()[pri:0, instance:com.cicd.demo.Devops_demo.TestClass1@248e319b]" started-at="2022-02-23T01:34:46 IST" name="launchdriver" finished-at="2022-02-23T01:34:48 IST" duration-ms="1150" status="PASS">
          <reporter-output>
          </reporter-output>
        </test-method> <!-- launchdriver -->
        <test-method signature="test3()[pri:0, instance:com.cicd.demo.Devops_demo.TestClass1@248e319b]" started-at="2022-02-23T01:34:48 IST" name="test3" finished-at="2022-02-23T01:34:53 IST" duration-ms="5306" status="PASS">
          <reporter-output>
          </reporter-output>
        </test-method> <!-- test3 -->
        <test-method is-config="true" signature="quit()[pri:0, instance:com.cicd.demo.Devops_demo.TestClass1@248e319b]" started-at="2022-02-23T01:34:53 IST" name="quit" finished-at="2022-02-23T01:34:54 IST" duration-ms="742" status="PASS">
          <reporter-output>
          </reporter-output>
        </test-method> <!-- quit -->
      </class> <!-- com.cicd.demo.Devops_demo.TestClass1 -->
    </test> <!-- Default test -->
  </suite> <!-- Default suite -->
</testng-results>
